<?xml version="1.0" encoding="UTF-8"?>
<testng-results ignored="0" total="3" passed="2" failed="1" skipped="0">
  <reporter-output>
  </reporter-output>
  <suite started-at="2023-02-05T14:55:26 IST" name="Suite" finished-at="2023-02-05T14:57:14 IST" duration-ms="108262">
    <groups>
    </groups>
    <test started-at="2023-02-05T14:55:26 IST" name="Test" finished-at="2023-02-05T14:57:14 IST" duration-ms="108262">
      <class name="com.opencart.testLayer.RegisterTest">
        <test-method is-config="true" signature="setUp()[pri:0, instance:com.opencart.testLayer.RegisterTest@6cd28fa7]" started-at="2023-02-05T14:55:26 IST" name="setUp" finished-at="2023-02-05T14:55:50 IST" duration-ms="23586" status="PASS">
          <reporter-output>
          </reporter-output>
        </test-method> <!-- setUp -->
        <test-method signature="verifyRegisterFunctions()[pri:0, instance:com.opencart.testLayer.RegisterTest@6cd28fa7]" started-at="2023-02-05T14:55:50 IST" name="verifyRegisterFunctions" finished-at="2023-02-05T14:55:56 IST" duration-ms="6051" status="FAIL">
          <exception class="java.lang.AssertionError">
            <message>
              <![CDATA[expected [Your Account Has Been Created!] but found [Register Account]]]>
            </message>
            <full-stacktrace>
              <![CDATA[java.lang.AssertionError: expected [Your Account Has Been Created!] but found [Register Account]
at org.testng.Assert.fail(Assert.java:99)
at org.testng.Assert.failNotEquals(Assert.java:1037)
at org.testng.Assert.assertEqualsImpl(Assert.java:140)
at org.testng.Assert.assertEquals(Assert.java:122)
at org.testng.Assert.assertEquals(Assert.java:629)
at org.testng.Assert.assertEquals(Assert.java:639)
at com.opencart.testLayer.RegisterTest.verifyRegisterFunctions(RegisterTest.java:32)
at java.base/jdk.internal.reflect.NativeMethodAccessorImpl.invoke0(Native Method)
at java.base/jdk.internal.reflect.NativeMethodAccessorImpl.invoke(NativeMethodAccessorImpl.java:77)
at java.base/jdk.internal.reflect.DelegatingMethodAccessorImpl.invoke(DelegatingMethodAccessorImpl.java:43)
at java.base/java.lang.reflect.Method.invoke(Method.java:568)
at org.testng.internal.MethodInvocationHelper.invokeMethod(MethodInvocationHelper.java:133)
at org.testng.internal.TestInvoker.invokeMethod(TestInvoker.java:598)
at org.testng.internal.TestInvoker.invokeTestMethod(TestInvoker.java:173)
at org.testng.internal.MethodRunner.runInSequence(MethodRunner.java:46)
at org.testng.internal.TestInvoker$MethodInvocationAgent.invoke(TestInvoker.java:824)
at org.testng.internal.TestInvoker.invokeTestMethods(TestInvoker.java:146)
at org.testng.internal.TestMethodWorker.invokeTestMethods(TestMethodWorker.java:146)
at org.testng.internal.TestMethodWorker.run(TestMethodWorker.java:128)
at java.base/java.util.ArrayList.forEach(ArrayList.java:1511)
at org.testng.TestRunner.privateRun(TestRunner.java:794)
at org.testng.TestRunner.run(TestRunner.java:596)
at org.testng.SuiteRunner.runTest(SuiteRunner.java:377)
at org.testng.SuiteRunner.runSequentially(SuiteRunner.java:371)
at org.testng.SuiteRunner.privateRun(SuiteRunner.java:332)
at org.testng.SuiteRunner.run(SuiteRunner.java:276)
at org.testng.SuiteRunnerWorker.runSuite(SuiteRunnerWorker.java:53)
at org.testng.SuiteRunnerWorker.run(SuiteRunnerWorker.java:96)
at org.testng.TestNG.runSuitesSequentially(TestNG.java:1212)
at org.testng.TestNG.runSuitesLocally(TestNG.java:1134)
at org.testng.TestNG.runSuites(TestNG.java:1063)
at org.testng.TestNG.run(TestNG.java:1031)
at org.testng.remote.AbstractRemoteTestNG.run(AbstractRemoteTestNG.java:115)
at org.testng.remote.RemoteTestNG.initAndRun(RemoteTestNG.java:251)
at org.testng.remote.RemoteTestNG.main(RemoteTestNG.java:77)
]]>
            </full-stacktrace>
          </exception> <!-- java.lang.AssertionError -->
          <reporter-output>
          </reporter-output>
        </test-method> <!-- verifyRegisterFunctions -->
        <test-method is-config="true" signature="tear()[pri:0, instance:com.opencart.testLayer.RegisterTest@6cd28fa7]" started-at="2023-02-05T14:55:56 IST" name="tear" finished-at="2023-02-05T14:55:56 IST" duration-ms="1" status="PASS">
          <reporter-output>
          </reporter-output>
        </test-method> <!-- tear -->
      </class> <!-- com.opencart.testLayer.RegisterTest -->
      <class name="com.opencart.testLayer.BuyFunctionality">
        <test-method is-config="true" signature="setUp()[pri:0, instance:com.opencart.testLayer.BuyFunctionality@6253c26]" started-at="2023-02-05T14:55:56 IST" name="setUp" finished-at="2023-02-05T14:56:09 IST" duration-ms="13015" status="PASS">
          <reporter-output>
          </reporter-output>
        </test-method> <!-- setUp -->
        <test-method signature="verifyBuyProject()[pri:0, instance:com.opencart.testLayer.BuyFunctionality@6253c26]" started-at="2023-02-05T14:56:09 IST" name="verifyBuyProject" finished-at="2023-02-05T14:56:47 IST" duration-ms="37559" status="PASS">
          <reporter-output>
          </reporter-output>
        </test-method> <!-- verifyBuyProject -->
        <test-method is-config="true" signature="tear()[pri:0, instance:com.opencart.testLayer.BuyFunctionality@6253c26]" started-at="2023-02-05T14:56:47 IST" name="tear" finished-at="2023-02-05T14:56:47 IST" duration-ms="0" status="PASS">
          <reporter-output>
          </reporter-output>
        </test-method> <!-- tear -->
      </class> <!-- com.opencart.testLayer.BuyFunctionality -->
      <class name="com.opencart.testLayer.LoginPageCase">
        <test-method is-config="true" signature="setUp()[pri:0, instance:com.opencart.testLayer.LoginPageCase@49049a04]" started-at="2023-02-05T14:56:47 IST" name="setUp" finished-at="2023-02-05T14:57:11 IST" duration-ms="24419" status="PASS">
          <reporter-output>
          </reporter-output>
        </test-method> <!-- setUp -->
        <test-method signature="verifyLoginCase()[pri:0, instance:com.opencart.testLayer.LoginPageCase@49049a04]" started-at="2023-02-05T14:57:11 IST" name="verifyLoginCase" finished-at="2023-02-05T14:57:14 IST" duration-ms="3499" status="PASS">
          <reporter-output>
          </reporter-output>
        </test-method> <!-- verifyLoginCase -->
        <test-method is-config="true" signature="tear()[pri:0, instance:com.opencart.testLayer.LoginPageCase@49049a04]" started-at="2023-02-05T14:57:14 IST" name="tear" finished-at="2023-02-05T14:57:14 IST" duration-ms="0" status="PASS">
          <reporter-output>
          </reporter-output>
        </test-method> <!-- tear -->
      </class> <!-- com.opencart.testLayer.LoginPageCase -->
    </test> <!-- Test -->
  </suite> <!-- Suite -->
</testng-results>
