<?xml version="1.0" encoding="UTF-8"?>
<testng-results ignored="4" total="7" passed="2" failed="1" skipped="0">
  <reporter-output>
  </reporter-output>
  <suite started-at="2023-02-05T20:54:35 IST" name="Suite" finished-at="2023-02-05T20:57:21 IST" duration-ms="166028">
    <groups>
    </groups>
    <test started-at="2023-02-05T20:54:35 IST" name="Test" finished-at="2023-02-05T20:57:21 IST" duration-ms="166028">
      <class name="com.opencart.testLayer.RegisterTest">
        <test-method is-config="true" signature="setUp()[pri:0, instance:com.opencart.testLayer.RegisterTest@4659191b]" started-at="2023-02-05T20:54:56 IST" name="setUp" finished-at="2023-02-05T20:55:07 IST" duration-ms="11252" status="PASS">
          <reporter-output>
          </reporter-output>
        </test-method> <!-- setUp -->
        <test-method signature="verifyRegisterFunctionality()[pri:0, instance:com.opencart.testLayer.RegisterTest@4659191b]" started-at="2023-02-05T20:55:07 IST" name="verifyRegisterFunctionality" finished-at="2023-02-05T20:55:15 IST" duration-ms="7516" status="FAIL">
          <exception class="java.lang.AssertionError">
            <message>
              <![CDATA[expected [Your Account Has Been Created!] but found [Register Account]]]>
            </message>
            <full-stacktrace>
              <![CDATA[java.lang.AssertionError: expected [Your Account Has Been Created!] but found [Register Account]
at org.testng.Assert.fail(Assert.java:99)
at org.testng.Assert.failNotEquals(Assert.java:1037)
at org.testng.Assert.assertEqualsImpl(Assert.java:140)
at org.testng.Assert.assertEquals(Assert.java:122)
at org.testng.Assert.assertEquals(Assert.java:629)
at org.testng.Assert.assertEquals(Assert.java:639)
at com.opencart.testLayer.RegisterTest.verifyRegisterFunctionality(RegisterTest.java:33)
at java.base/jdk.internal.reflect.NativeMethodAccessorImpl.invoke0(Native Method)
at java.base/jdk.internal.reflect.NativeMethodAccessorImpl.invoke(NativeMethodAccessorImpl.java:77)
at java.base/jdk.internal.reflect.DelegatingMethodAccessorImpl.invoke(DelegatingMethodAccessorImpl.java:43)
at java.base/java.lang.reflect.Method.invoke(Method.java:568)
at org.testng.internal.MethodInvocationHelper.invokeMethod(MethodInvocationHelper.java:133)
at org.testng.internal.TestInvoker.invokeMethod(TestInvoker.java:598)
at org.testng.internal.TestInvoker.invokeTestMethod(TestInvoker.java:173)
at org.testng.internal.MethodRunner.runInSequence(MethodRunner.java:46)
at org.testng.internal.TestInvoker$MethodInvocationAgent.invoke(TestInvoker.java:824)
at org.testng.internal.TestInvoker.invokeTestMethods(TestInvoker.java:146)
at org.testng.internal.TestMethodWorker.invokeTestMethods(TestMethodWorker.java:146)
at org.testng.internal.TestMethodWorker.run(TestMethodWorker.java:128)
at java.base/java.util.ArrayList.forEach(ArrayList.java:1511)
at org.testng.TestRunner.privateRun(TestRunner.java:794)
at org.testng.TestRunner.run(TestRunner.java:596)
at org.testng.SuiteRunner.runTest(SuiteRunner.java:377)
at org.testng.SuiteRunner.runSequentially(SuiteRunner.java:371)
at org.testng.SuiteRunner.privateRun(SuiteRunner.java:332)
at org.testng.SuiteRunner.run(SuiteRunner.java:276)
at org.testng.SuiteRunnerWorker.runSuite(SuiteRunnerWorker.java:53)
at org.testng.SuiteRunnerWorker.run(SuiteRunnerWorker.java:96)
at org.testng.TestNG.runSuitesSequentially(TestNG.java:1212)
at org.testng.TestNG.runSuitesLocally(TestNG.java:1134)
at org.testng.TestNG.runSuites(TestNG.java:1063)
at org.testng.TestNG.run(TestNG.java:1031)
at org.testng.remote.AbstractRemoteTestNG.run(AbstractRemoteTestNG.java:115)
at org.testng.remote.RemoteTestNG.initAndRun(RemoteTestNG.java:251)
at org.testng.remote.RemoteTestNG.main(RemoteTestNG.java:77)
]]>
            </full-stacktrace>
          </exception> <!-- java.lang.AssertionError -->
          <reporter-output>
          </reporter-output>
        </test-method> <!-- verifyRegisterFunctionality -->
        <test-method is-config="true" signature="tearDown()[pri:0, instance:com.opencart.testLayer.RegisterTest@4659191b]" started-at="2023-02-05T20:55:15 IST" name="tearDown" finished-at="2023-02-05T20:55:15 IST" duration-ms="8" status="PASS">
          <reporter-output>
          </reporter-output>
        </test-method> <!-- tearDown -->
      </class> <!-- com.opencart.testLayer.RegisterTest -->
      <class name="com.opencart.testLayer.LoginPageTest">
        <test-method is-config="true" signature="start()[pri:0, instance:com.opencart.testLayer.LoginPageTest@4310d43]" started-at="2023-02-05T20:54:35 IST" name="start" finished-at="2023-02-05T20:54:36 IST" duration-ms="917" status="PASS">
          <reporter-output>
          </reporter-output>
        </test-method> <!-- start -->
        <test-method is-config="true" signature="setUp()[pri:0, instance:com.opencart.testLayer.LoginPageTest@4310d43]" started-at="2023-02-05T20:54:36 IST" name="setUp" finished-at="2023-02-05T20:54:51 IST" duration-ms="15167" status="PASS">
          <reporter-output>
          </reporter-output>
        </test-method> <!-- setUp -->
        <test-method signature="verifyLoginTest()[pri:0, instance:com.opencart.testLayer.LoginPageTest@4310d43]" started-at="2023-02-05T20:54:51 IST" name="verifyLoginTest" finished-at="2023-02-05T20:54:56 IST" duration-ms="5048" status="PASS">
          <reporter-output>
          </reporter-output>
        </test-method> <!-- verifyLoginTest -->
        <test-method is-config="true" signature="tearDown()[pri:0, instance:com.opencart.testLayer.LoginPageTest@4310d43]" started-at="2023-02-05T20:54:56 IST" name="tearDown" finished-at="2023-02-05T20:54:56 IST" duration-ms="11" status="PASS">
          <reporter-output>
          </reporter-output>
        </test-method> <!-- tearDown -->
        <test-method is-config="true" signature="finish()[pri:0, instance:com.opencart.testLayer.LoginPageTest@4310d43]" started-at="2023-02-05T20:57:21 IST" name="finish" finished-at="2023-02-05T20:57:21 IST" duration-ms="0" status="PASS">
          <reporter-output>
          </reporter-output>
        </test-method> <!-- finish -->
      </class> <!-- com.opencart.testLayer.LoginPageTest -->
      <class name="com.opencart.testLayer.BuyFunctionality">
        <test-method is-config="true" signature="setUp()[pri:0, instance:com.opencart.testLayer.BuyFunctionality@55634720]" started-at="2023-02-05T20:55:15 IST" name="setUp" finished-at="2023-02-05T20:55:31 IST" duration-ms="15693" status="PASS">
          <reporter-output>
          </reporter-output>
        </test-method> <!-- setUp -->
        <test-method signature="verifyBuyProduct()[pri:0, instance:com.opencart.testLayer.BuyFunctionality@55634720]" started-at="2023-02-05T20:55:31 IST" name="verifyBuyProduct" finished-at="2023-02-05T20:57:21 IST" duration-ms="109940" status="PASS">
          <reporter-output>
          </reporter-output>
        </test-method> <!-- verifyBuyProduct -->
        <test-method is-config="true" signature="tearDown()[pri:0, instance:com.opencart.testLayer.BuyFunctionality@55634720]" started-at="2023-02-05T20:57:21 IST" name="tearDown" finished-at="2023-02-05T20:57:21 IST" duration-ms="0" status="PASS">
          <reporter-output>
          </reporter-output>
        </test-method> <!-- tearDown -->
      </class> <!-- com.opencart.testLayer.BuyFunctionality -->
    </test> <!-- Test -->
  </suite> <!-- Suite -->
</testng-results>
